# JRE version: OpenJDK Runtime Environment (7.0_79-b14) (build 1.7.0_79-b14)
# Java VM: OpenJDK 64-Bit Server VM (24.79-b02 mixed mode linux-amd64 compressed oops)
Heap
 PSYoungGen      total 35840K, used 9619K [0x00000007d8080000, 0x00000007da880000, 0x0000000800000000)
  eden space 30720K, 14% used [0x00000007d8080000,0x00000007d84e6128,0x00000007d9e80000)
  from space 5120K, 99% used [0x00000007da380000,0x00000007da87ec48,0x00000007da880000)
  to   space 5120K, 0% used [0x00000007d9e80000,0x00000007d9e80000,0x00000007da380000)
 ParOldGen       total 81408K, used 1719K [0x0000000788200000, 0x000000078d180000, 0x00000007d8080000)
  object space 81408K, 2% used [0x0000000788200000,0x00000007883adea0,0x000000078d180000)
 PSPermGen       total 21504K, used 15282K [0x000000077dc00000, 0x000000077f100000, 0x0000000788200000)
  object space 21504K, 71% used [0x000000077dc00000,0x000000077eaec928,0x000000077f100000)
GC Heap History (4 events):
Event: 6.355 GC heap before
{Heap before GC invocations=1 (full 0):
 PSYoungGen      total 35840K, used 30720K [0x00000007d8080000, 0x00000007da880000, 0x0000000800000000)
  eden space 30720K, 100% used [0x00000007d8080000,0x00000007d9e80000,0x00000007d9e80000)
  from space 5120K, 0% used [0x00000007da380000,0x00000007da380000,0x00000007da880000)
  to   space 5120K, 0% used [0x00000007d9e80000,0x00000007d9e80000,0x00000007da380000)
 ParOldGen       total 81408K, used 0K [0x0000000788200000, 0x000000078d180000, 0x00000007d8080000)
  object space 81408K, 0% used [0x0000000788200000,0x0000000788200000,0x000000078d180000)
 PSPermGen       total 21504K, used 11089K [0x000000077dc00000, 0x000000077f100000, 0x0000000788200000)
  object space 21504K, 51% used [0x000000077dc00000,0x000000077e6d4618,0x000000077f100000)
Event: 6.359 GC heap after
Heap after GC invocations=1 (full 0):
 PSYoungGen      total 35840K, used 5094K [0x00000007d8080000, 0x00000007da880000, 0x0000000800000000)
  eden space 30720K, 0% used [0x00000007d8080000,0x00000007d8080000,0x00000007d9e80000)
  from space 5120K, 99% used [0x00000007d9e80000,0x00000007da379b50,0x00000007da380000)
  to   space 5120K, 0% used [0x00000007da380000,0x00000007da380000,0x00000007da880000)
 ParOldGen       total 81408K, used 170K [0x0000000788200000, 0x000000078d180000, 0x00000007d8080000)
  object space 81408K, 0% used [0x0000000788200000,0x000000078822a830,0x000000078d180000)
 PSPermGen       total 21504K, used 11089K [0x000000077dc00000, 0x000000077f100000, 0x0000000788200000)
  object space 21504K, 51% used [0x000000077dc00000,0x000000077e6d4618,0x000000077f100000)
}
Event: 10.210 GC heap before
{Heap before GC invocations=2 (full 0):
 PSYoungGen      total 35840K, used 35814K [0x00000007d8080000, 0x00000007da880000, 0x0000000800000000)
  eden space 30720K, 100% used [0x00000007d8080000,0x00000007d9e80000,0x00000007d9e80000)
  from space 5120K, 99% used [0x00000007d9e80000,0x00000007da379b50,0x00000007da380000)
  to   space 5120K, 0% used [0x00000007da380000,0x00000007da380000,0x00000007da880000)
 ParOldGen       total 81408K, used 170K [0x0000000788200000, 0x000000078d180000, 0x00000007d8080000)
  object space 81408K, 0% used [0x0000000788200000,0x000000078822a830,0x000000078d180000)
 PSPermGen       total 21504K, used 14888K [0x000000077dc00000, 0x000000077f100000, 0x0000000788200000)
  object space 21504K, 69% used [0x000000077dc00000,0x000000077ea8a2b8,0x000000077f100000)
Event: 10.215 GC heap after
Heap after GC invocations=2 (full 0):
 PSYoungGen      total 35840K, used 5115K [0x00000007d8080000, 0x00000007da880000, 0x0000000800000000)
  eden space 30720K, 0% used [0x00000007d8080000,0x00000007d8080000,0x00000007d9e80000)
  from space 5120K, 99% used [0x00000007da380000,0x00000007da87ec48,0x00000007da880000)
  to   space 5120K, 0% used [0x00000007d9e80000,0x00000007d9e80000,0x00000007da380000)
 ParOldGen       total 81408K, used 1719K [0x0000000788200000, 0x000000078d180000, 0x00000007d8080000)
  object space 81408K, 2% used [0x0000000788200000,0x00000007883adea0,0x000000078d180000)
 PSPermGen       total 21504K, used 14888K [0x000000077dc00000, 0x000000077f100000, 0x0000000788200000)
  object space 21504K, 69% used [0x000000077dc00000,0x000000077ea8a2b8,0x000000077f100000)
}

